npm warn Unknown env config "python". This will stop working in the next major version of npm. See `npm help npmrc` for supported config options.
npm warn deprecated inflight@1.0.6: This module is not supported, and leaks memory. Do not use it. Check out lru-cache if you want a good and tested way to coalesce async requests by a key value, which is much more comprehensive and powerful.
npm warn deprecated @npmcli/move-file@2.0.1: This functionality has been moved to @npmcli/fs
npm warn deprecated npmlog@6.0.2: This package is no longer supported.
npm warn deprecated rimraf@3.0.2: Rimraf versions prior to v4 are no longer supported
npm warn deprecated glob@7.2.3: Old versions of glob are not supported, and contain widely publicized security vulnerabilities, which have been fixed in the current version. Please update. Support for old versions may be purchased (at exorbitant rates) by contacting i@izs.me
npm warn deprecated glob@8.1.0: Old versions of glob are not supported, and contain widely publicized security vulnerabilities, which have been fixed in the current version. Please update. Support for old versions may be purchased (at exorbitant rates) by contacting i@izs.me
npm warn deprecated are-we-there-yet@3.0.1: This package is no longer supported.
npm warn deprecated prebuild-install@7.1.3: No longer maintained. Please contact the author of the relevant native addon; alternatives are available.
npm warn deprecated boolean@3.2.0: Package no longer supported. Contact Support at https://www.npmjs.com/support for more info.
npm warn deprecated gauge@4.0.4: This package is no longer supported.
npm warn deprecated tar@6.2.1: Old versions of tar are not supported, and contain widely publicized security vulnerabilities, which have been fixed in the current version. Please update. Support for old versions may be purchased (at exorbitant rates) by contacting i@izs.me
npm warn deprecated node-domexception@1.0.0: Use your platform's native DOMException instead
npm warn deprecated glob@10.5.0: Old versions of glob are not supported, and contain widely publicized security vulnerabilities, which have been fixed in the current version. Please update. Support for old versions may be purchased (at exorbitant rates) by contacting i@izs.me
npm warn deprecated glob@10.5.0: Old versions of glob are not supported, and contain widely publicized security vulnerabilities, which have been fixed in the current version. Please update. Support for old versions may be purchased (at exorbitant rates) by contacting i@izs.me
npm error code 1
npm error path D:\projects\corky\node_modules\better-sqlite3
npm error command failed
npm error command C:\WINDOWS\system32\cmd.exe /d /s /c prebuild-install || node-gyp rebuild --release
npm error C:\Program Files (x86)\Microsoft Visual Studio\2022\BuildTools\MSBuild\Microsoft\VC\v170\Microsoft.CppBuild.targets(463,5): error MSB8020: The build tools for ClangCL (Platform Toolset = 'ClangCL') cannot be found. To build using the ClangCL build tools, please install ClangCL build tools.  Alternatively, you may upgrade to the current Visual Studio tools by selecting the Project menu or right-click the solution, and then selecting "Retarget solution". [D:\projects\corky\node_modules\better-sqlite3\build\deps\locate_sqlite3.vcxproj]
npm error (node:29948) [DEP0176] DeprecationWarning: fs.R_OK is deprecated, use fs.constants.R_OK instead
npm error (Use `node --trace-deprecation ...` to show where the warning was created)
npm error prebuild-install warn install No prebuilt binaries found (target=24.15.0 runtime=node arch=x64 libc= platform=win32)
npm error gyp info it worked if it ends with ok
npm error gyp info using node-gyp@9.4.1
npm error gyp info using node@24.15.0 | win32 | x64
npm error (node:19072) [DEP0060] DeprecationWarning: The `util._extend` API is deprecated. Please use Object.assign() instead.
npm error (Use `node --trace-deprecation ...` to show where the warning was created)
npm error (node:19072) [DEP0190] DeprecationWarning: Passing args to a child process with shell option true can lead to security vulnerabilities, as the arguments are not escaped, only concatenated.
npm error gyp info find Python using Python version 3.11.9 found at "C:\Users\carl_\AppData\Local\Programs\Python\Python311\python.exe"
npm error gyp info find VS using VS2022 (17.14.37314.3) found at:
npm error gyp info find VS "C:\Program Files (x86)\Microsoft Visual Studio\2022\BuildTools"
npm error gyp info find VS run with --verbose for detailed information
npm error gyp info spawn C:\Users\carl_\AppData\Local\Programs\Python\Python311\python.exe
npm error gyp info spawn args [
npm error gyp info spawn args   'D:\\projects\\corky\\node_modules\\node-gyp\\gyp\\gyp_main.py',
npm error gyp info spawn args   'binding.gyp',
npm error gyp info spawn args   '-f',
npm error gyp info spawn args   'msvs',
npm error gyp info spawn args   '-I',
npm error gyp info spawn args   'D:\\projects\\corky\\node_modules\\better-sqlite3\\build\\config.gypi',
npm error gyp info spawn args   '-I',
npm error gyp info spawn args   'D:\\projects\\corky\\node_modules\\node-gyp\\addon.gypi',
npm error gyp info spawn args   '-I',
npm error gyp info spawn args   'C:\\Users\\carl_\\AppData\\Local\\node-gyp\\Cache\\24.15.0\\include\\node\\common.gypi',
npm error gyp info spawn args   '-Dlibrary=shared_library',
npm error gyp info spawn args   '-Dvisibility=default',
npm error gyp info spawn args   '-Dnode_root_dir=C:\\Users\\carl_\\AppData\\Local\\node-gyp\\Cache\\24.15.0',
npm error gyp info spawn args   '-Dnode_gyp_dir=D:\\projects\\corky\\node_modules\\node-gyp',
npm error gyp info spawn args   '-Dnode_lib_file=C:\\\\Users\\\\carl_\\\\AppData\\\\Local\\\\node-gyp\\\\Cache\\\\24.15.0\\\\<(target_arch)\\\\node.lib',
npm error gyp info spawn args   '-Dmodule_root_dir=D:\\projects\\corky\\node_modules\\better-sqlite3',
npm error gyp info spawn args   '-Dnode_engine=v8',
npm error gyp info spawn args   '--depth=.',
npm error gyp info spawn args   '--no-parallel',
npm error gyp info spawn args   '--generator-output',
npm error gyp info spawn args   'D:\\projects\\corky\\node_modules\\better-sqlite3\\build',
npm error gyp info spawn args   '-Goutput_dir=.'
npm error gyp info spawn args ]
npm error Warning: unrecognized setting VCCLCompilerTool/LanguageStandard while converting to MSBuild.
npm error Warning: unrecognized setting VCCLCompilerTool/LanguageStandard_C while converting to MSBuild.
npm error Warning: unrecognized setting VCCLCompilerTool/LanguageStandard while converting to MSBuild.
npm error Warning: unrecognized setting VCCLCompilerTool/LanguageStandard_C while converting to MSBuild.
npm error Warning: unrecognized setting VCCLCompilerTool/LanguageStandard while converting to MSBuild.
npm error Warning: unrecognized setting VCCLCompilerTool/LanguageStandard_C while converting to MSBuild.
npm error Warning: unrecognized setting VCCLCompilerTool/LanguageStandard while converting to MSBuild.
npm error Warning: unrecognized setting VCCLCompilerTool/LanguageStandard_C while converting to MSBuild.
npm error Warning: unrecognized setting VCCLCompilerTool/LanguageStandard while converting to MSBuild.
npm error Warning: unrecognized setting VCCLCompilerTool/LanguageStandard_C while converting to MSBuild.
npm error Warning: unrecognized setting VCCLCompilerTool/LanguageStandard while converting to MSBuild.
npm error Warning: unrecognized setting VCCLCompilerTool/LanguageStandard_C while converting to MSBuild.
npm error Warning: unrecognized setting VCCLCompilerTool/LanguageStandard while converting to MSBuild.
npm error Warning: unrecognized setting VCCLCompilerTool/LanguageStandard_C while converting to MSBuild.
npm error Warning: unrecognized setting VCCLCompilerTool/LanguageStandard while converting to MSBuild.
npm error Warning: unrecognized setting VCCLCompilerTool/LanguageStandard_C while converting to MSBuild.
npm error gyp info spawn C:\Program Files (x86)\Microsoft Visual Studio\2022\BuildTools\MSBuild\Current\Bin\MSBuild.exe
npm error gyp info spawn args [
npm error gyp info spawn args   'build/binding.sln',
npm error gyp info spawn args   '/clp:Verbosity=minimal',
npm error gyp info spawn args   '/nologo',
npm error gyp info spawn args   '/p:Configuration=Release;Platform=x64'
npm error gyp info spawn args ]
npm error gyp ERR! build error 
npm error gyp ERR! stack Error: `C:\Program Files (x86)\Microsoft Visual Studio\2022\BuildTools\MSBuild\Current\Bin\MSBuild.exe` failed with exit code: 1
npm error gyp ERR! stack     at ChildProcess.onExit (D:\projects\corky\node_modules\node-gyp\lib\build.js:203:23)
npm error gyp ERR! stack     at ChildProcess.emit (node:events:509:28)
npm error gyp ERR! stack     at ChildProcess._handle.onexit (node:internal/child_process:295:12)
npm error gyp ERR! System Windows_NT 10.0.26200
npm error gyp ERR! command "C:\\nvm4w\\nodejs\\node.exe" "D:\\projects\\corky\\node_modules\\node-gyp\\bin\\node-gyp.js" "rebuild" "--release"
npm error gyp ERR! cwd D:\projects\corky\node_modules\better-sqlite3
npm error gyp ERR! node -v v24.15.0
npm error gyp ERR! node-gyp -v v9.4.1
npm error gyp ERR! not ok
npm error A complete log of this run can be found in: C:\Users\carl_\AppData\Local\npm-cache\_logs\2026-06-08T22_37_01_325Z-debug-0.log
